This is pdfTeX, Version 3.14159265-2.6-1.40.19 (MiKTeX 2.9.6630 64-bit) (preloaded format=pdflatex 2018.5.10)  17 MAY 2018 23:44
entering extended mode
**./Diplom.tex
(Diplom.tex
LaTeX2e <2017-04-15>
Babel <3.18> and hyphenation patterns for 75 language(s) loaded.

("C:\Users\vmistyurin\AppData\Local\Programs\MiKTeX 2.9\tex\latex\base\article.
cls"
Document Class: article 2014/09/29 v1.4h Standard LaTeX document class

("C:\Users\vmistyurin\AppData\Local\Programs\MiKTeX 2.9\tex\latex\base\size10.c
lo"
File: size10.clo 2014/09/29 v1.4h Standard LaTeX file (size option)
)
\c@part=\count79
\c@section=\count80
\c@subsection=\count81
\c@subsubsection=\count82
\c@paragraph=\count83
\c@subparagraph=\count84
\c@figure=\count85
\c@table=\count86
\abovecaptionskip=\skip41
\belowcaptionskip=\skip42
\bibindent=\dimen102
)
("C:\Users\vmistyurin\AppData\Local\Programs\MiKTeX 2.9\tex\latex\base\fontenc.
sty"
Package: fontenc 2017/04/05 v2.0i Standard LaTeX package

("C:\Users\vmistyurin\AppData\Local\Programs\MiKTeX 2.9\tex\latex\cyrillic\t2ae
nc.def"
File: t2aenc.def 2005/09/27 v1.0i Cyrillic encoding definition file
)
("C:\Users\vmistyurin\AppData\Local\Programs\MiKTeX 2.9\tex\latex\base\t1enc.de
f"
File: t1enc.def 2017/04/05 v2.0i Standard LaTeX file
LaTeX Font Info:    Redeclaring font encoding T1 on input line 48.
))
("C:\Users\vmistyurin\AppData\Local\Programs\MiKTeX 2.9\tex\latex\base\inputenc
.sty"
Package: inputenc 2015/03/17 v1.2c Input encoding file
\inpenc@prehook=\toks14
\inpenc@posthook=\toks15

("C:\Users\vmistyurin\AppData\Local\Programs\MiKTeX 2.9\tex\latex\cyrillic\cp12
51.def"
File: cp1251.def 2014/10/28 v1.0d Input encoding file
))
("C:\Users\vmistyurin\AppData\Local\Programs\MiKTeX 2.9\tex\generic\babel\babel
.sty"
Package: babel 2018/02/14 3.18 The Babel package

("C:\Users\vmistyurin\AppData\Local\Programs\MiKTeX 2.9\tex\generic\babel\switc
h.def"
File: switch.def 2018/02/14 3.18 Babel switching mechanism
)
*************************************
* Local config file bblopts.cfg used
*

("C:\Users\vmistyurin\AppData\Local\Programs\MiKTeX 2.9\tex\latex\arabi\bblopts
.cfg"
File: bblopts.cfg 2005/09/08 v0.1 add Arabic and Farsi to "declared" options of
 babel
)
("C:\Users\vmistyurin\AppData\Local\Programs\MiKTeX 2.9\tex\latex\babel-english
\english.ldf"
Language: english 2017/06/06 v3.3r English support from the babel system

("C:\Users\vmistyurin\AppData\Local\Programs\MiKTeX 2.9\tex\generic\babel\babel
.def"
File: babel.def 2018/02/14 3.18 Babel common definitions
\babel@savecnt=\count87
\U@D=\dimen103

("C:\Users\vmistyurin\AppData\Local\Programs\MiKTeX 2.9\tex\generic\babel\txtba
bel.def")
\bbl@dirlevel=\count88
)
\l@canadian = a dialect from \language\l@american 
\l@australian = a dialect from \language\l@british 
\l@newzealand = a dialect from \language\l@british 
)
("C:\Users\vmistyurin\AppData\Local\Programs\MiKTeX 2.9\tex\latex\babel-russian
\russianb.ldf"
Language: russian 2017/08/12 1.3j Russian support for the Babel system
Package babel Info: Making " an active character on input line 120.
Package babel Info: Default for \cyrdash is provided on input line 157.
))
("C:\Users\vmistyurin\AppData\Local\Programs\MiKTeX 2.9\tex\latex\graphics\grap
hicx.sty"
Package: graphicx 2017/06/01 v1.1a Enhanced LaTeX Graphics (DPC,SPQR)

("C:\Users\vmistyurin\AppData\Local\Programs\MiKTeX 2.9\tex\latex\graphics\keyv
al.sty"
Package: keyval 2014/10/28 v1.15 key=value parser (DPC)
\KV@toks@=\toks16
)
("C:\Users\vmistyurin\AppData\Local\Programs\MiKTeX 2.9\tex\latex\graphics\grap
hics.sty"
Package: graphics 2017/06/25 v1.2c Standard LaTeX Graphics (DPC,SPQR)

("C:\Users\vmistyurin\AppData\Local\Programs\MiKTeX 2.9\tex\latex\graphics\trig
.sty"
Package: trig 2016/01/03 v1.10 sin cos tan (DPC)
)
("C:\Users\vmistyurin\AppData\Local\Programs\MiKTeX 2.9\tex\latex\graphics-cfg\
graphics.cfg"
File: graphics.cfg 2016/06/04 v1.11 sample graphics configuration
)
Package graphics Info: Driver file: pdftex.def on input line 99.

("C:\Users\vmistyurin\AppData\Local\Programs\MiKTeX 2.9\tex\latex\graphics-def\
pdftex.def"
File: pdftex.def 2018/01/08 v1.0l Graphics/color driver for pdftex
))
\Gin@req@height=\dimen104
\Gin@req@width=\dimen105
)
("C:\Users\vmistyurin\AppData\Local\Programs\MiKTeX 2.9\tex\latex\base\makeidx.
sty"
Package: makeidx 2014/09/29 v1.0m Standard LaTeX package
)
("C:\Users\vmistyurin\AppData\Local\Programs\MiKTeX 2.9\tex\latex\base\latexsym
.sty"
Package: latexsym 1998/08/17 v2.2e Standard LaTeX package (lasy symbols)
\symlasy=\mathgroup4
LaTeX Font Info:    Overwriting symbol font `lasy' in version `bold'
(Font)                  U/lasy/m/n --> U/lasy/b/n on input line 52.
)
("C:\Users\vmistyurin\AppData\Local\Programs\MiKTeX 2.9\tex\latex\amsfonts\amss
ymb.sty"
Package: amssymb 2013/01/14 v3.01 AMS font symbols

("C:\Users\vmistyurin\AppData\Local\Programs\MiKTeX 2.9\tex\latex\amsfonts\amsf
onts.sty"
Package: amsfonts 2013/01/14 v3.01 Basic AMSFonts support
\@emptytoks=\toks17
\symAMSa=\mathgroup5
\symAMSb=\mathgroup6
LaTeX Font Info:    Overwriting math alphabet `\mathfrak' in version `bold'
(Font)                  U/euf/m/n --> U/euf/b/n on input line 106.
))
("C:\Users\vmistyurin\AppData\Local\Programs\MiKTeX 2.9\tex\latex\amsmath\amsma
th.sty"
Package: amsmath 2017/09/02 v2.17a AMS math features
\@mathmargin=\skip43

For additional information on amsmath, use the `?' option.

("C:\Users\vmistyurin\AppData\Local\Programs\MiKTeX 2.9\tex\latex\amsmath\amste
xt.sty"
Package: amstext 2000/06/29 v2.01 AMS text

("C:\Users\vmistyurin\AppData\Local\Programs\MiKTeX 2.9\tex\latex\amsmath\amsge
n.sty"
File: amsgen.sty 1999/11/30 v2.0 generic functions
\@emptytoks=\toks18
\ex@=\dimen106
))
("C:\Users\vmistyurin\AppData\Local\Programs\MiKTeX 2.9\tex\latex\amsmath\amsbs
y.sty"
Package: amsbsy 1999/11/29 v1.2d Bold Symbols
\pmbraise@=\dimen107
)
("C:\Users\vmistyurin\AppData\Local\Programs\MiKTeX 2.9\tex\latex\amsmath\amsop
n.sty"
Package: amsopn 2016/03/08 v2.02 operator names
)
\inf@bad=\count89
LaTeX Info: Redefining \frac on input line 213.
\uproot@=\count90
\leftroot@=\count91
LaTeX Info: Redefining \overline on input line 375.
\classnum@=\count92
\DOTSCASE@=\count93
LaTeX Info: Redefining \ldots on input line 472.
LaTeX Info: Redefining \dots on input line 475.
LaTeX Info: Redefining \cdots on input line 596.
\Mathstrutbox@=\box26
\strutbox@=\box27
\big@size=\dimen108
LaTeX Font Info:    Redeclaring font encoding OML on input line 712.
LaTeX Font Info:    Redeclaring font encoding OMS on input line 713.
\macc@depth=\count94
\c@MaxMatrixCols=\count95
\dotsspace@=\muskip10
\c@parentequation=\count96
\dspbrk@lvl=\count97
\tag@help=\toks19
\row@=\count98
\column@=\count99
\maxfields@=\count100
\andhelp@=\toks20
\eqnshift@=\dimen109
\alignsep@=\dimen110
\tagshift@=\dimen111
\tagwidth@=\dimen112
\totwidth@=\dimen113
\lineht@=\dimen114
\@envbody=\toks21
\multlinegap=\skip44
\multlinetaggap=\skip45
\mathdisplay@stack=\toks22
LaTeX Info: Redefining \[ on input line 2817.
LaTeX Info: Redefining \] on input line 2818.
)
("C:\Users\vmistyurin\AppData\Local\Programs\MiKTeX 2.9\tex\latex\floatflt\floa
tflt.sty"
Package: floatflt 1997/07/16 v. 1.31
\c@OptionTest=\count101
\figbox=\box28
\tabbox=\box29
\pagebox=\box30
\ffigcount=\count102
\ftabcount=\count103
\fftest=\count104
\hangcount=\count105
\nosuccesstryfig=\count106
\nosuccesstrytab=\count107
\figgutter=\dimen115
\tabgutter=\dimen116
\htdone=\dimen117
\pageht=\dimen118
\startpageht=\dimen119
\tabbredd=\dimen120
\floatfltwidth=\dimen121
\fltitemwidth=\dimen122
\outputpretest=\toks23
)
("C:\Users\vmistyurin\AppData\Local\Programs\MiKTeX 2.9\tex\latex\srcltx\srcltx
.sty"
Package: srcltx 2006/11/12 v1.6 Source specials for inverse search in DVI files


("C:\Users\vmistyurin\AppData\Local\Programs\MiKTeX 2.9\tex\latex\base\ifthen.s
ty"
Package: ifthen 2014/09/29 v1.1c Standard LaTeX ifthen package (DPC)
)
\src@lastline=\count108
\src@new@everypar=\toks24
\src@new@output=\toks25
)
("C:\Users\vmistyurin\AppData\Local\Programs\MiKTeX 2.9\tex\latex\cite\cite.sty
"
LaTeX Info: Redefining \cite on input line 302.
LaTeX Info: Redefining \nocite on input line 332.
Package: cite 2015/02/27  v 5.5
)
("C:\Users\vmistyurin\AppData\Local\Programs\MiKTeX 2.9\tex\latex\geometry\geom
etry.sty"
Package: geometry 2010/09/12 v5.6 Page Geometry

("C:\Users\vmistyurin\AppData\Local\Programs\MiKTeX 2.9\tex\generic\oberdiek\if
pdf.sty"
Package: ifpdf 2017/03/15 v3.2 Provides the ifpdf switch
)
("C:\Users\vmistyurin\AppData\Local\Programs\MiKTeX 2.9\tex\generic\oberdiek\if
vtex.sty"
Package: ifvtex 2016/05/16 v1.6 Detect VTeX and its facilities (HO)
Package ifvtex Info: VTeX not detected.
)
("C:\Users\vmistyurin\AppData\Local\Programs\MiKTeX 2.9\tex\generic\ifxetex\ifx
etex.sty"
Package: ifxetex 2010/09/12 v0.6 Provides ifxetex conditional
)
\Gm@cnth=\count109
\Gm@cntv=\count110
\c@Gm@tempcnt=\count111
\Gm@bindingoffset=\dimen123
\Gm@wd@mp=\dimen124
\Gm@odd@mp=\dimen125
\Gm@even@mp=\dimen126
\Gm@layoutwidth=\dimen127
\Gm@layoutheight=\dimen128
\Gm@layouthoffset=\dimen129
\Gm@layoutvoffset=\dimen130
\Gm@dimlist=\toks26

("C:\Users\vmistyurin\AppData\Local\Programs\MiKTeX 2.9\tex\latex\geometry\geom
etry.cfg"))
("C:\Users\vmistyurin\AppData\Local\Programs\MiKTeX 2.9\tex\latex\ucs\ucs.sty"
Package: ucs 2013/05/11 v2.2 UCS: Unicode input support
Package srcltx Info: Expanded filename `uni-global.def' to `uni-global.def.tex'
 on input line 128.

:<+ uni-global.def.tex

("C:\Users\vmistyurin\AppData\Local\Programs\MiKTeX 2.9\tex\latex\ucs\uni-globa
l.def"
File: uni-global.def 2013/05/13 UCS: Unicode global data
)
:<-
\uc@secondtry=\count112
\uc@combtoks=\toks27
\uc@combtoksb=\toks28
\uc@temptokena=\toks29
)
("C:\Users\vmistyurin\AppData\Local\Programs\MiKTeX 2.9\tex\latex\cmap\cmap.sty
"
Package: cmap 2008/03/06 v1.0h CMap support: searchable PDF


Package cmap Warning: fontenc already loaded - some fonts may be unprocessed.

)
("C:\Users\vmistyurin\AppData\Local\Programs\MiKTeX 2.9\tex\latex\pdfpages\pdfp
ages.sty"
Package: pdfpages 2017/10/31 v0.5l Insert pages of external PDF documents (AM)

("C:\Users\vmistyurin\AppData\Local\Programs\MiKTeX 2.9\tex\latex\tools\calc.st
y"
Package: calc 2014/10/28 v4.3 Infix arithmetic (KKT,FJ)
\calc@Acount=\count113
\calc@Bcount=\count114
\calc@Adimen=\dimen131
\calc@Bdimen=\dimen132
\calc@Askip=\skip46
\calc@Bskip=\skip47
LaTeX Info: Redefining \setlength on input line 80.
LaTeX Info: Redefining \addtolength on input line 81.
\calc@Ccount=\count115
\calc@Cskip=\skip48
)
("C:\Users\vmistyurin\AppData\Local\Programs\MiKTeX 2.9\tex\latex\eso-pic\eso-p
ic.sty"
Package: eso-pic 2015/07/21 v2.0g eso-pic (RN)

("C:\Users\vmistyurin\AppData\Local\Programs\MiKTeX 2.9\tex\generic\oberdiek\at
begshi.sty"
Package: atbegshi 2016/06/09 v1.18 At begin shipout hook (HO)

("C:\Users\vmistyurin\AppData\Local\Programs\MiKTeX 2.9\tex\generic\oberdiek\in
fwarerr.sty"
Package: infwarerr 2016/05/16 v1.4 Providing info/warning/error messages (HO)
)
("C:\Users\vmistyurin\AppData\Local\Programs\MiKTeX 2.9\tex\generic\oberdiek\lt
xcmds.sty"
Package: ltxcmds 2016/05/16 v1.23 LaTeX kernel commands for general use (HO)
))
("C:\Users\vmistyurin\AppData\Local\Programs\MiKTeX 2.9\tex\latex\xcolor\xcolor
.sty"
Package: xcolor 2016/05/11 v2.12 LaTeX color extensions (UK)

("C:\Users\vmistyurin\AppData\Local\Programs\MiKTeX 2.9\tex\latex\graphics-cfg\
color.cfg"
File: color.cfg 2016/01/02 v1.6 sample color configuration
)
Package xcolor Info: Driver file: pdftex.def on input line 225.
Package xcolor Info: Model `cmy' substituted by `cmy0' on input line 1348.
Package xcolor Info: Model `hsb' substituted by `rgb' on input line 1352.
Package xcolor Info: Model `RGB' extended on input line 1364.
Package xcolor Info: Model `HTML' substituted by `rgb' on input line 1366.
Package xcolor Info: Model `Hsb' substituted by `hsb' on input line 1367.
Package xcolor Info: Model `tHsb' substituted by `hsb' on input line 1368.
Package xcolor Info: Model `HSB' substituted by `hsb' on input line 1369.
Package xcolor Info: Model `Gray' substituted by `gray' on input line 1370.
Package xcolor Info: Model `wave' substituted by `hsb' on input line 1371.
))
\AM@pagewidth=\dimen133
\AM@pageheight=\dimen134
Package srcltx Info: Expanded filename `pppdftex.def' to `pppdftex.def.tex' on 
input line 78.

:<+ pppdftex.def.tex

("C:\Users\vmistyurin\AppData\Local\Programs\MiKTeX 2.9\tex\latex\pdfpages\pppd
ftex.def"
File: pppdftex.def 2017/10/31 v0.5l Pdfpages driver for pdfTeX (AM)
)
:<-
\AM@pagebox=\box31
\AM@global@opts=\toks30
\AM@toc@title=\toks31
\c@AM@survey=\count116
\AM@templatesizebox=\box32
)
("C:\Users\vmistyurin\AppData\Local\Programs\MiKTeX 2.9\tex\latex\oberdiek\epst
opdf.sty"
Package: epstopdf 2016/05/15 v2.6 Conversion with epstopdf on the fly (HO)

("C:\Users\vmistyurin\AppData\Local\Programs\MiKTeX 2.9\tex\latex\oberdiek\epst
opdf-base.sty"
Package: epstopdf-base 2016/05/15 v2.6 Base part for package epstopdf

("C:\Users\vmistyurin\AppData\Local\Programs\MiKTeX 2.9\tex\latex\oberdiek\grfe
xt.sty"
Package: grfext 2016/05/16 v1.2 Manage graphics extensions (HO)

("C:\Users\vmistyurin\AppData\Local\Programs\MiKTeX 2.9\tex\generic\oberdiek\kv
definekeys.sty"
Package: kvdefinekeys 2016/05/16 v1.4 Define keys (HO)
))
("C:\Users\vmistyurin\AppData\Local\Programs\MiKTeX 2.9\tex\latex\oberdiek\kvop
tions.sty"
Package: kvoptions 2016/05/16 v3.12 Key value format for package options (HO)

("C:\Users\vmistyurin\AppData\Local\Programs\MiKTeX 2.9\tex\generic\oberdiek\kv
setkeys.sty"
Package: kvsetkeys 2016/05/16 v1.17 Key value parser (HO)

("C:\Users\vmistyurin\AppData\Local\Programs\MiKTeX 2.9\tex\generic\oberdiek\et
excmds.sty"
Package: etexcmds 2016/05/16 v1.6 Avoid name clashes with e-TeX commands (HO)

("C:\Users\vmistyurin\AppData\Local\Programs\MiKTeX 2.9\tex\generic\oberdiek\if
luatex.sty"
Package: ifluatex 2016/05/16 v1.4 Provides the ifluatex switch (HO)
Package ifluatex Info: LuaTeX not detected.
)
Package etexcmds Info: Could not find \expanded.
(etexcmds)             That can mean that you are not using pdfTeX 1.50 or
(etexcmds)             that some package has redefined \expanded.
(etexcmds)             In the latter case, load this package earlier.
)))
("C:\Users\vmistyurin\AppData\Local\Programs\MiKTeX 2.9\tex\generic\oberdiek\pd
ftexcmds.sty"
Package: pdftexcmds 2018/01/21 v0.26 Utility functions of pdfTeX for LuaTeX (HO
)
Package pdftexcmds Info: LuaTeX not detected.
Package pdftexcmds Info: \pdf@primitive is available.
Package pdftexcmds Info: \pdf@ifprimitive is available.
Package pdftexcmds Info: \pdfdraftmode found.
)
Package epstopdf-base Info: Redefining graphics rule for `.eps' on input line 4
38.
Package grfext Info: Graphics extension search list:
(grfext)             [.pdf,.png,.jpg,.mps,.jpeg,.jbig2,.jb2,.PDF,.PNG,.JPG,.JPE
G,.JBIG2,.JB2,.eps]
(grfext)             \AppendGraphicsExtensions on input line 456.
))
("C:\Users\vmistyurin\AppData\Local\Programs\MiKTeX 2.9\tex\latex\extsizes\exts
izes.sty"
Package: extsizes 1996/10/08 v1.0 Non Standard LaTeX Package


Package ExtSizes Warning: It is better to use one of the extsizes classes,
 if you can.

Package srcltx Info: Expanded filename `size14.clo' to `size14.clo.tex' on inpu
t line 84.
:<+ size14.clo.tex

("C:\Users\vmistyurin\AppData\Local\Programs\MiKTeX 2.9\tex\latex\extsizes\size
14.clo"
File: size14.clo 1999/11/11 v1.4a NON-Standard LaTeX file (size option)
<<t1.cmap>>)
:<-
) (Diplom.aux
LaTeX Font Info:    Try loading font information for T2A+cmr on input line 3.

("C:\Users\vmistyurin\AppData\Local\Programs\MiKTeX 2.9\tex\latex\cyrillic\t2ac
mr.fd"
File: t2acmr.fd 2001/08/11 v1.0a Computer Modern Cyrillic font definitions
)<<t2a.cmap>>)
\openout1 = `Diplom.aux'.

LaTeX Font Info:    Checking defaults for OML/cmm/m/it on input line 30.
LaTeX Font Info:    ... okay on input line 30.
LaTeX Font Info:    Checking defaults for T1/cmr/m/n on input line 30.
LaTeX Font Info:    ... okay on input line 30.
LaTeX Font Info:    Checking defaults for OT1/cmr/m/n on input line 30.
LaTeX Font Info:    ... okay on input line 30.
LaTeX Font Info:    Checking defaults for OMS/cmsy/m/n on input line 30.
LaTeX Font Info:    ... okay on input line 30.
LaTeX Font Info:    Checking defaults for OMX/cmex/m/n on input line 30.
LaTeX Font Info:    ... okay on input line 30.
LaTeX Font Info:    Checking defaults for U/cmr/m/n on input line 30.
LaTeX Font Info:    ... okay on input line 30.
LaTeX Font Info:    Checking defaults for T2A/cmr/m/n on input line 30.
LaTeX Font Info:    ... okay on input line 30.

("C:\Users\vmistyurin\AppData\Local\Programs\MiKTeX 2.9\tex\context\base\supp-p
df.mkii"
[Loading MPS to PDF converter (version 2006.09.02).]
\scratchcounter=\count117
\scratchdimen=\dimen135
\scratchbox=\box33
\nofMPsegments=\count118
\nofMParguments=\count119
\everyMPshowfont=\toks32
\MPscratchCnt=\count120
\MPscratchDim=\dimen136
\MPnumerator=\count121
\makeMPintoPDFobject=\count122
\everyMPtoPDFconversion=\toks33
)
*geometry* driver: auto-detecting
*geometry* detected driver: pdftex
*geometry* verbose mode - [ preamble ] result:
* driver: pdftex
* paper: <default>
* layout: <same size as paper>
* layoutoffset:(h,v)=(0.0pt,0.0pt)
* modes: 
* h-part:(L,W,R)=(85.35826pt, 486.25761pt, 42.67912pt)
* v-part:(T,H,B)=(56.9055pt, 675.46852pt, 62.59596pt)
* \paperwidth=614.295pt
* \paperheight=794.96999pt
* \textwidth=486.25761pt
* \textheight=675.46852pt
* \oddsidemargin=13.08827pt
* \evensidemargin=13.08827pt
* \topmargin=-54.36449pt
* \headheight=14.0pt
* \headsep=25.0pt
* \topskip=14.0pt
* \footskip=30.0pt
* \marginparwidth=24.0pt
* \marginparsep=10.0pt
* \columnsep=10.0pt
* \skip\footins=12.0pt plus 4.0pt minus 2.0pt
* \hoffset=0.0pt
* \voffset=0.0pt
* \mag=1000
* \@twocolumnfalse
* \@twosidefalse
* \@mparswitchfalse
* \@reversemarginfalse
* (1in=72.27pt=25.4mm, 1cm=28.453pt)

Package srcltx Info: Expanded filename `ucsencs.def' to `ucsencs.def.tex' on in
put line 30.
:<+ ucsencs.def.tex

("C:\Users\vmistyurin\AppData\Local\Programs\MiKTeX 2.9\tex\latex\ucs\ucsencs.d
ef"
File: ucsencs.def 2011/01/21 Fixes to fontencodings LGR, T3
)
:<-
\AtBeginShipoutBox=\box34

("C:\Users\vmistyurin\AppData\Local\Programs\MiKTeX 2.9\tex\latex\oberdiek\pdfl
scape.sty"
Package: pdflscape 2016/05/14 v0.11 Display of landscape pages in PDF (HO)

("C:\Users\vmistyurin\AppData\Local\Programs\MiKTeX 2.9\tex\latex\graphics\lsca
pe.sty"
Package: lscape 2000/10/22 v3.01 Landscape Pages (DPC)
)
Package pdflscape Info: Auto-detected driver: pdftex on input line 81.
) (Diplom.toc<<ot1.cmap>><<oml.cmap>><<oms.cmap>><<omx.cmap>>
LaTeX Font Info:    Try loading font information for U+lasy on input line 3.

("C:\Users\vmistyurin\AppData\Local\Programs\MiKTeX 2.9\tex\latex\base\ulasy.fd
"
File: ulasy.fd 1998/08/17 v2.2e LaTeX symbol font definitions
)
LaTeX Font Info:    Try loading font information for U+msa on input line 3.

("C:\Users\vmistyurin\AppData\Local\Programs\MiKTeX 2.9\tex\latex\amsfonts\umsa
.fd"
File: umsa.fd 2013/01/14 v3.01 AMS symbols A
)
LaTeX Font Info:    Try loading font information for U+msb on input line 3.

("C:\Users\vmistyurin\AppData\Local\Programs\MiKTeX 2.9\tex\latex\amsfonts\umsb
.fd"
File: umsb.fd 2013/01/14 v3.01 AMS symbols B
))
\tf@toc=\write3
\openout3 = `Diplom.toc'.

 [2

{C:/Users/vmistyurin/AppData/Local/MiKTeX/2.9/pdftex/config/pdftex.map}] [3]
LaTeX Font Info:    Try loading font information for T2A+cmtt on input line 61.


("C:\Users\vmistyurin\AppData\Local\Programs\MiKTeX 2.9\tex\latex\cyrillic\t2ac
mtt.fd"
File: t2acmtt.fd 2001/08/11 v1.0a Computer Modern Cyrillic font definitions
) [4] [5] [6] [7]
<pic//disconnected_components.png, id=39, 120.45pt x 70.46326pt>
File: pic//disconnected_components.png Graphic file (type png)
<use pic//disconnected_components.png>
Package pdftex.def Info: pic//disconnected_components.png  used on input line 1
22.
(pdftex.def)             Requested size: 145.87875pt x 85.3468pt.

Overfull \hbox (20.47171pt too wide) in paragraph at lines 126--127
[][]\T2A/cmr/m/n/14.4 Например, на гра-фe, пред-став-лен-ном на ри-сун-ке 1[], 
$\OML/cmm/m/it/14.4 f[] \OT1/cmr/m/n/14.4 = 0$ \T2A/cmr/m/n/14.4 для $\OML/cmm/
m/it/14.4 i \OMS/cmsy/m/n/14.4 2 f\OT1/cmr/m/n/14.4 0\OML/cmm/m/it/14.4 ; \OT1/
cmr/m/n/14.4 1\OML/cmm/m/it/14.4 ; \OT1/cmr/m/n/14.4 2\OMS/cmsy/m/n/14.4 g\OML/
cmm/m/it/14.4 ; j \OMS/cmsy/m/n/14.4 2
 []

<pic//chain.png, id=41, 383.031pt x 140.9265pt>
File: pic//chain.png Graphic file (type png)
<use pic//chain.png>
Package pdftex.def Info: pic//chain.png  used on input line 133.
(pdftex.def)             Requested size: 291.75752pt x 107.35254pt.
[8 <./pic//disconnected_components.png>] [9 <./pic//chain.png>]
<pic//bridge.png, id=53, 139.11975pt x 72.87225pt>
File: pic//bridge.png Graphic file (type png)
<use pic//bridge.png>
Package pdftex.def Info: pic//bridge.png  used on input line 165.
(pdftex.def)             Requested size: 194.50008pt x 101.88812pt.
 [10 <./pic//bridge.png>]
<pic//hanged.png, id=58, 110.814pt x 69.25874pt>
File: pic//hanged.png Graphic file (type png)
<use pic//hanged.png>
Package pdftex.def Info: pic//hanged.png  used on input line 180.
(pdftex.def)             Requested size: 194.50008pt x 121.56284pt.
 [11 <./pic//hanged.png>] [12]
Overfull \hbox (2.48901pt too wide) in paragraph at lines 211--212
[][]\T2A/cmr/m/n/14.4 Алгоритм с ис-поль-зо-ва-ни-ем ре-дук-ций на ба-зе ал-го-
рит-ма Эдмондса-Карпа. 
 []

[13] [14] [15] [16] (Diplom.aux) ) 
Here is how much of TeX's memory you used:
 5816 strings out of 493305
 86535 string characters out of 3127627
 163428 words of memory out of 3000000
 9168 multiletter control sequences out of 15000+200000
 13276 words of font info for 37 fonts, out of 3000000 for 9000
 1141 hyphenation exceptions out of 8191
 42i,8n,39p,695b,247s stack positions out of 5000i,500n,10000p,200000b,50000s
 <C:\Users\vmistyurin\AppData\Local\MiKTeX\2.
9\fonts\pk\ljfour\lh\lh-t2a\dpi600\latt1440.pk> <C:\Users\vmistyurin\AppData\Lo
cal\MiKTeX\2.9\fonts\pk\ljfour\lh\lh-t2a\dpi600\labx1728.pk> <C:\Users\vmistyur
in\AppData\Local\MiKTeX\2.9\fonts\pk\ljfour\lh\lh-t2a\dpi600\larm1440.pk> <C:\U
sers\vmistyurin\AppData\Local\MiKTeX\2.9\fonts\pk\ljfour\lh\lh-t2a\dpi600\labx1
440.pk> <C:\Users\vmistyurin\AppData\Local\MiKTeX\2.9\fonts\pk\ljfour\lh\lh-t2a
\dpi600\labx2074.pk><C:/Users/vmistyurin/AppData/Local/Programs/MiKTeX 2.9/font
s/type1/public/amsfonts/cm/cmex10.pfb><C:/Users/vmistyurin/AppData/Local/Progra
ms/MiKTeX 2.9/fonts/type1/public/amsfonts/cm/cmmi10.pfb><C:/Users/vmistyurin/Ap
pData/Local/Programs/MiKTeX 2.9/fonts/type1/public/amsfonts/cm/cmmi12.pfb><C:/U
sers/vmistyurin/AppData/Local/Programs/MiKTeX 2.9/fonts/type1/public/amsfonts/c
m/cmmi7.pfb><C:/Users/vmistyurin/AppData/Local/Programs/MiKTeX 2.9/fonts/type1/
public/amsfonts/cm/cmr10.pfb><C:/Users/vmistyurin/AppData/Local/Programs/MiKTeX
 2.9/fonts/type1/public/amsfonts/cm/cmr12.pfb><C:/Users/vmistyurin/AppData/Loca
l/Programs/MiKTeX 2.9/fonts/type1/public/amsfonts/cm/cmr7.pfb><C:/Users/vmistyu
rin/AppData/Local/Programs/MiKTeX 2.9/fonts/type1/public/amsfonts/cm/cmsy10.pfb
><C:/Users/vmistyurin/AppData/Local/Programs/MiKTeX 2.9/fonts/type1/public/amsf
onts/symbols/msam10.pfb><C:/Users/vmistyurin/AppData/Local/Programs/MiKTeX 2.9/
fonts/type1/public/amsfonts/symbols/msbm10.pfb>
Output written on Diplom.pdf (15 pages, 239611 bytes).
PDF statistics:
 380 PDF objects out of 1000 (max. 8388607)
 0 named destinations out of 1000 (max. 500000)
 45 words of extra memory for PDF output out of 10000 (max. 10000000)

